Spark Command: /usr/lib/jvm/java-8-openjdk-amd64/jre/bin/java -cp /opt/spark-2.3.4-bin-hadoop2.7/conf/:/opt/spark-2.3.4-bin-hadoop2.7/jars/* -Xmx1g org.apache.spark.deploy.worker.Worker --webui-port 8081 spark://5aac6e1ee01ad378c5e28c179e1773307e2c42a8-67d664b69b-4jvpm:7077
========================================
2024-01-12 17:22:44 INFO  Worker:2612 - Started daemon with process name: 168@5aac6e1ee01ad378c5e28c179e1773307e2c42a8-67d664b69b-4jvpm
2024-01-12 17:22:44 INFO  SignalUtils:54 - Registered signal handler for TERM
2024-01-12 17:22:45 INFO  SignalUtils:54 - Registered signal handler for HUP
2024-01-12 17:22:45 INFO  SignalUtils:54 - Registered signal handler for INT
2024-01-12 17:22:45 WARN  NativeCodeLoader:62 - Unable to load native-hadoop library for your platform... using builtin-java classes where applicable
2024-01-12 17:22:46 INFO  SecurityManager:54 - Changing view acls to: root
2024-01-12 17:22:46 INFO  SecurityManager:54 - Changing modify acls to: root
2024-01-12 17:22:46 INFO  SecurityManager:54 - Changing view acls groups to: 
2024-01-12 17:22:46 INFO  SecurityManager:54 - Changing modify acls groups to: 
2024-01-12 17:22:46 INFO  SecurityManager:54 - SecurityManager: authentication disabled; ui acls disabled; users  with view permissions: Set(root); groups with view permissions: Set(); users  with modify permissions: Set(root); groups with modify permissions: Set()
2024-01-12 17:22:46 INFO  Utils:54 - Successfully started service 'sparkWorker' on port 43873.
2024-01-12 17:22:47 INFO  Worker:54 - Starting Spark worker 10.124.8.11:43873 with 16 cores, 124.8 GB RAM
2024-01-12 17:22:47 INFO  Worker:54 - Running Spark version 2.3.4
2024-01-12 17:22:47 INFO  Worker:54 - Spark home: /opt/spark-2.3.4-bin-hadoop2.7
2024-01-12 17:22:47 INFO  log:192 - Logging initialized @3485ms
2024-01-12 17:22:47 INFO  Server:351 - jetty-9.3.z-SNAPSHOT, build timestamp: unknown, git hash: unknown
2024-01-12 17:22:47 INFO  Server:419 - Started @3561ms
2024-01-12 17:22:47 INFO  AbstractConnector:278 - Started ServerConnector@4125b694{HTTP/1.1,[http/1.1]}{0.0.0.0:8081}
2024-01-12 17:22:47 INFO  Utils:54 - Successfully started service 'WorkerUI' on port 8081.
2024-01-12 17:22:47 INFO  ContextHandler:781 - Started o.s.j.s.ServletContextHandler@23637be9{/logPage,null,AVAILABLE,@Spark}
2024-01-12 17:22:47 INFO  ContextHandler:781 - Started o.s.j.s.ServletContextHandler@6dfda804{/logPage/json,null,AVAILABLE,@Spark}
2024-01-12 17:22:47 INFO  ContextHandler:781 - Started o.s.j.s.ServletContextHandler@4a2463c8{/,null,AVAILABLE,@Spark}
2024-01-12 17:22:47 INFO  ContextHandler:781 - Started o.s.j.s.ServletContextHandler@6888b19b{/json,null,AVAILABLE,@Spark}
2024-01-12 17:22:47 INFO  ContextHandler:781 - Started o.s.j.s.ServletContextHandler@68359906{/static,null,AVAILABLE,@Spark}
2024-01-12 17:22:47 INFO  ContextHandler:781 - Started o.s.j.s.ServletContextHandler@54d2cbf9{/log,null,AVAILABLE,@Spark}
2024-01-12 17:22:47 INFO  WorkerWebUI:54 - Bound WorkerWebUI to 0.0.0.0, and started at http://5aac6e1ee01ad378c5e28c179e1773307e2c42a8-67d664b69b-4jvpm:8081
2024-01-12 17:22:47 INFO  Worker:54 - Connecting to master 5aac6e1ee01ad378c5e28c179e1773307e2c42a8-67d664b69b-4jvpm:7077...
2024-01-12 17:22:47 INFO  ContextHandler:781 - Started o.s.j.s.ServletContextHandler@4f0690bd{/metrics/json,null,AVAILABLE,@Spark}
2024-01-12 17:22:47 INFO  TransportClientFactory:267 - Successfully created connection to 5aac6e1ee01ad378c5e28c179e1773307e2c42a8-67d664b69b-4jvpm/10.124.8.11:7077 after 98 ms (0 ms spent in bootstraps)
2024-01-12 17:22:48 INFO  Worker:54 - Successfully registered with master spark://5aac6e1ee01ad378c5e28c179e1773307e2c42a8-67d664b69b-4jvpm:7077
